c:\cs\progadvices\(11) oop2\revisoion\revisoion\x64\debug\vc143.pdb
c:\cs\progadvices\(11) oop2\revisoion\revisoion\x64\debug\vc143.idb
c:\cs\progadvices\(11) oop2\revisoion\revisoion\x64\debug\revisoion.obj
c:\cs\progadvices\(11) oop2\revisoion\revisoion\x64\debug\pointers.obj
c:\cs\progadvices\(11) oop2\revisoion\revisoion\x64\debug\revisoion.ilk
c:\cs\progadvices\(11) oop2\revisoion\x64\debug\revisoion.pdb
c:\cs\progadvices\(11) oop2\revisoion\revisoion\x64\debug\revisoion.tlog\cl.command.1.tlog
c:\cs\progadvices\(11) oop2\revisoion\revisoion\x64\debug\revisoion.tlog\cl.items.tlog
c:\cs\progadvices\(11) oop2\revisoion\revisoion\x64\debug\revisoion.tlog\cl.read.1.tlog
c:\cs\progadvices\(11) oop2\revisoion\revisoion\x64\debug\revisoion.tlog\cl.write.1.tlog
c:\cs\progadvices\(11) oop2\revisoion\revisoion\x64\debug\revisoion.tlog\link-cvtres.read.1.tlog
c:\cs\progadvices\(11) oop2\revisoion\revisoion\x64\debug\revisoion.tlog\link-cvtres.write.1.tlog
c:\cs\progadvices\(11) oop2\revisoion\revisoion\x64\debug\revisoion.tlog\link-rc.read.1.tlog
c:\cs\progadvices\(11) oop2\revisoion\revisoion\x64\debug\revisoion.tlog\link-rc.write.1.tlog
c:\cs\progadvices\(11) oop2\revisoion\revisoion\x64\debug\revisoion.tlog\link.9744-cvtres.read.1.tlog
c:\cs\progadvices\(11) oop2\revisoion\revisoion\x64\debug\revisoion.tlog\link.9744-cvtres.write.1.tlog
c:\cs\progadvices\(11) oop2\revisoion\revisoion\x64\debug\revisoion.tlog\link.9744-rc.read.1.tlog
c:\cs\progadvices\(11) oop2\revisoion\revisoion\x64\debug\revisoion.tlog\link.9744-rc.write.1.tlog
c:\cs\progadvices\(11) oop2\revisoion\revisoion\x64\debug\revisoion.tlog\link.9744.read.1.tlog
c:\cs\progadvices\(11) oop2\revisoion\revisoion\x64\debug\revisoion.tlog\link.9744.read.3.tlog
c:\cs\progadvices\(11) oop2\revisoion\revisoion\x64\debug\revisoion.tlog\link.9744.write.1.tlog
c:\cs\progadvices\(11) oop2\revisoion\revisoion\x64\debug\revisoion.tlog\link.command.1.tlog
c:\cs\progadvices\(11) oop2\revisoion\revisoion\x64\debug\revisoion.tlog\link.read.1.tlog
c:\cs\progadvices\(11) oop2\revisoion\revisoion\x64\debug\revisoion.tlog\link.read.2.tlog
c:\cs\progadvices\(11) oop2\revisoion\revisoion\x64\debug\revisoion.tlog\link.secondary.1.tlog
c:\cs\progadvices\(11) oop2\revisoion\revisoion\x64\debug\revisoion.tlog\link.write.1.tlog
